<?xml version="1.0" encoding="UTF-8"?>
<testsuite name="com.example.NewApp.NewAppApplicationTests" tests="1" skipped="0" failures="0" errors="0" timestamp="2019-08-30T13:38:53" hostname="ruru101" time="0.023">
  <properties/>
  <testcase name="contextLoads" classname="com.example.NewApp.NewAppApplicationTests" time="0.023"/>
  <system-out><![CDATA[19:08:51.036 [Test worker] DEBUG org.springframework.test.context.junit4.SpringJUnit4ClassRunner - SpringJUnit4ClassRunner constructor called with [class com.example.NewApp.NewAppApplicationTests]
19:08:51.045 [Test worker] DEBUG org.springframework.test.context.BootstrapUtils - Instantiating CacheAwareContextLoaderDelegate from class [org.springframework.test.context.cache.DefaultCacheAwareContextLoaderDelegate]
19:08:51.051 [Test worker] DEBUG org.springframework.test.context.BootstrapUtils - Instantiating BootstrapContext using constructor [public org.springframework.test.context.support.DefaultBootstrapContext(java.lang.Class,org.springframework.test.context.CacheAwareContextLoaderDelegate)]
19:08:51.064 [Test worker] DEBUG org.springframework.test.context.BootstrapUtils - Instantiating TestContextBootstrapper for test class [com.example.NewApp.NewAppApplicationTests] from class [org.springframework.boot.test.context.SpringBootTestContextBootstrapper]
19:08:51.070 [Test worker] INFO org.springframework.boot.test.context.SpringBootTestContextBootstrapper - Neither @ContextConfiguration nor @ContextHierarchy found for test class [com.example.NewApp.NewAppApplicationTests], using SpringBootContextLoader
19:08:51.073 [Test worker] DEBUG org.springframework.test.context.support.AbstractContextLoader - Did not detect default resource location for test class [com.example.NewApp.NewAppApplicationTests]: class path resource [com/example/NewApp/NewAppApplicationTests-context.xml] does not exist
19:08:51.073 [Test worker] DEBUG org.springframework.test.context.support.AbstractContextLoader - Did not detect default resource location for test class [com.example.NewApp.NewAppApplicationTests]: class path resource [com/example/NewApp/NewAppApplicationTestsContext.groovy] does not exist
19:08:51.073 [Test worker] INFO org.springframework.test.context.support.AbstractContextLoader - Could not detect default resource locations for test class [com.example.NewApp.NewAppApplicationTests]: no resource found for suffixes {-context.xml, Context.groovy}.
19:08:51.074 [Test worker] INFO org.springframework.test.context.support.AnnotationConfigContextLoaderUtils - Could not detect default configuration classes for test class [com.example.NewApp.NewAppApplicationTests]: NewAppApplicationTests does not declare any static, non-private, non-final, nested classes annotated with @Configuration.
19:08:51.102 [Test worker] DEBUG org.springframework.test.context.support.ActiveProfilesUtils - Could not find an 'annotation declaring class' for annotation type [org.springframework.test.context.ActiveProfiles] and class [com.example.NewApp.NewAppApplicationTests]
19:08:51.107 [Test worker] DEBUG org.springframework.core.env.StandardEnvironment - Adding PropertySource 'systemProperties' with lowest search precedence
19:08:51.108 [Test worker] DEBUG org.springframework.core.env.StandardEnvironment - Adding PropertySource 'systemEnvironment' with lowest search precedence
19:08:51.108 [Test worker] DEBUG org.springframework.core.env.StandardEnvironment - Initialized StandardEnvironment with PropertySources [MapPropertySource@1964149703 {name='systemProperties', properties={java.runtime.name=Java(TM) SE Runtime Environment, sun.boot.library.path=/usr/lib/jvm/java-8-oracle/jre/lib/amd64, java.vm.version=25.201-b09, java.vm.vendor=Oracle Corporation, java.vendor.url=http://java.oracle.com/, path.separator=:, java.vm.name=Java HotSpot(TM) 64-Bit Server VM, file.encoding.pkg=sun.io, sun.java.launcher=SUN_STANDARD, user.country=US, sun.os.patch.level=unknown, java.vm.specification.name=Java Virtual Machine Specification, user.dir=/home/ruru/bootcamp/Spring/NewApp, java.runtime.version=1.8.0_201-b09, java.awt.graphicsenv=sun.awt.X11GraphicsEnvironment, java.endorsed.dirs=/usr/lib/jvm/java-8-oracle/jre/lib/endorsed, os.arch=amd64, java.io.tmpdir=/tmp, line.separator=
, java.vm.specification.vendor=Oracle Corporation, user.variant=, os.name=Linux, sun.jnu.encoding=UTF-8, java.library.path=/usr/java/packages/lib/amd64:/usr/lib64:/lib64:/lib:/usr/lib, java.specification.name=Java Platform API Specification, java.class.version=52.0, org.gradle.native=false, sun.management.compiler=HotSpot 64-Bit Tiered Compilers, os.version=4.15.0-55-generic, user.home=/home/ruru, user.timezone=Asia/Kolkata, java.awt.printerjob=sun.print.PSPrinterJob, file.encoding=UTF-8, java.specification.version=1.8, java.class.path=/home/ruru/bootcamp/Spring/NewApp/build/classes/java/test:/home/ruru/bootcamp/Spring/NewApp/build/resources/test:/home/ruru/bootcamp/Spring/NewApp/build/classes/java/main:/home/ruru/bootcamp/Spring/NewApp/build/resources/main:/home/ruru/.gradle/caches/modules-2/files-2.1/org.springframework.boot/spring-boot-starter-data-rest/1.5.7.RELEASE/cc092ea664a736c5fdf6077dd86f3459bcdd8caa/spring-boot-starter-data-rest-1.5.7.RELEASE.jar:/home/ruru/.gradle/caches/modules-2/files-2.1/org.springframework.boot/spring-boot-starter-web/1.5.7.RELEASE/a862305be8b7512a41f6768d825ed37251ccbbe0/spring-boot-starter-web-1.5.7.RELEASE.jar:/home/ruru/.gradle/caches/modules-2/files-2.1/org.springframework.boot/spring-boot-starter-test/1.5.7.RELEASE/d23f37a72c2d4e46aba66bc69a649213f9cadeee/spring-boot-starter-test-1.5.7.RELEASE.jar:/home/ruru/.gradle/caches/modules-2/files-2.1/org.springframework.boot/spring-boot-starter/1.5.7.RELEASE/b42fe6962dd8b3be4ac8c1d7134d0ca2d0a35c7e/spring-boot-starter-1.5.7.RELEASE.jar:/home/ruru/.gradle/caches/modules-2/files-2.1/org.springframework.data/spring-data-rest-webmvc/2.6.7.RELEASE/9a638b76b290b52a241b59a7341a042a063bad3d/spring-data-rest-webmvc-2.6.7.RELEASE.jar:/home/ruru/.gradle/caches/modules-2/files-2.1/com.fasterxml.jackson.core/jackson-databind/2.8.10/f7b83cb2bc4b88d53961e749e1ad32f49ef017b7/jackson-databind-2.8.10.jar:/home/ruru/.gradle/caches/modules-2/files-2.1/org.springframework.data/spring-data-rest-core/2.6.7.RELEASE/fe15f604fa9b35f16af608c05266fcba53a7d17c/spring-data-rest-core-2.6.7.RELEASE.jar:/home/ruru/.gradle/caches/modules-2/files-2.1/com.fasterxml.jackson.core/jackson-annotations/2.8.10/5e924646d6f893bc9036939c5f2b4ecaee85e5da/jackson-annotations-2.8.10.jar:/home/ruru/.gradle/caches/modules-2/files-2.1/org.springframework.boot/spring-boot-starter-tomcat/1.5.7.RELEASE/eae533e2a0111a51d812912acb3d3e2368736d1b/spring-boot-starter-tomcat-1.5.7.RELEASE.jar:/home/ruru/.gradle/caches/modules-2/files-2.1/org.hibernate/hibernate-validator/5.3.5.Final/622a9bcef2eed6d41b5b8e0662c36212009e375/hibernate-validator-5.3.5.Final.jar:/home/ruru/.gradle/caches/modules-2/files-2.1/org.springframework.hateoas/spring-hateoas/0.23.0.RELEASE/678ffa0798f417a794fea592dc8066e325611919/spring-hateoas-0.23.0.RELEASE.jar:/home/ruru/.gradle/caches/modules-2/files-2.1/org.springframework/spring-webmvc/4.3.11.RELEASE/814f91ec4dc324e724bbe7cbc5045b234604c539/spring-webmvc-4.3.11.RELEASE.jar:/home/ruru/.gradle/caches/modules-2/files-2.1/org.springframework/spring-web/4.3.11.RELEASE/50a3dfce550bdf9459dfb2c6282aa104b040258e/spring-web-4.3.11.RELEASE.jar:/home/ruru/.gradle/caches/modules-2/files-2.1/org.springframework.boot/spring-boot-test-autoconfigure/1.5.7.RELEASE/8bead16b97c9f1b5fe7c47f3e030dd9351a6974d/spring-boot-test-autoconfigure-1.5.7.RELEASE.jar:/home/ruru/.gradle/caches/modules-2/files-2.1/org.springframework.boot/spring-boot-test/1.5.7.RELEASE/b8d77445d48f4320f404d8f13f4e5cb95bc36b30/spring-boot-test-1.5.7.RELEASE.jar:/home/ruru/.gradle/caches/modules-2/files-2.1/com.jayway.jsonpath/json-path/2.2.0/22290d17944bd239fabf5ac69005a60a7ecbbbcb/json-path-2.2.0.jar:/home/ruru/.gradle/caches/modules-2/files-2.1/junit/junit/4.12/2973d150c0dc1fefe998f834810d68f278ea58ec/junit-4.12.jar:/home/ruru/.gradle/caches/modules-2/files-2.1/org.assertj/assertj-core/2.6.0/b532c3fc4f66bcfee4989a3514f1cd56203a33ad/assertj-core-2.6.0.jar:/home/ruru/.gradle/caches/modules-2/files-2.1/org.mockito/mockito-core/1.10.19/e8546f5bef4e061d8dd73895b4e8f40e3fe6effe/mockito-core-1.10.19.jar:/home/ruru/.gradle/caches/modules-2/files-2.1/org.hamcrest/hamcrest-library/1.3/4785a3c21320980282f9f33d0d1264a69040538f/hamcrest-library-1.3.jar:/home/ruru/.gradle/caches/modules-2/files-2.1/org.hamcrest/hamcrest-core/1.3/42a25dc3219429f0e5d060061f71acb49bf010a0/hamcrest-core-1.3.jar:/home/ruru/.gradle/caches/modules-2/files-2.1/org.skyscreamer/jsonassert/1.4.0/9cdbb373a06f6513e51e8c545ee6a5e981463edb/jsonassert-1.4.0.jar:/home/ruru/.gradle/caches/modules-2/files-2.1/org.springframework/spring-test/4.3.11.RELEASE/cf765b5d6d6bdc38c67522ecae3fe9549da43e1/spring-test-4.3.11.RELEASE.jar:/home/ruru/.gradle/caches/modules-2/files-2.1/org.springframework.boot/spring-boot-autoconfigure/1.5.7.RELEASE/e83f1407ff991e9e7eb156f49fa19d868bb73289/spring-boot-autoconfigure-1.5.7.RELEASE.jar:/home/ruru/.gradle/caches/modules-2/files-2.1/org.springframework.boot/spring-boot/1.5.7.RELEASE/1006870df7b3dc203df7ce84463c5dd7049fdaa4/spring-boot-1.5.7.RELEASE.jar:/home/ruru/.gradle/caches/modules-2/files-2.1/org.springframework.plugin/spring-plugin-core/1.2.0.RELEASE/f380e7760032e7d929184f8ad8a33716b75c0657/spring-plugin-core-1.2.0.RELEASE.jar:/home/ruru/.gradle/caches/modules-2/files-2.1/org.springframework/spring-context/4.3.11.RELEASE/3efec2d7c7469d49108a2b21c3f15831f7297569/spring-context-4.3.11.RELEASE.jar:/home/ruru/.gradle/caches/modules-2/files-2.1/org.springframework/spring-aop/4.3.11.RELEASE/461d0bb58f1de30203d9331adf4b51de9554de5a/spring-aop-4.3.11.RELEASE.jar:/home/ruru/.gradle/caches/modules-2/files-2.1/org.springframework/spring-tx/4.3.11.RELEASE/c931ee363d2269f03edfeb83d7d7fe23924ab8a1/spring-tx-4.3.11.RELEASE.jar:/home/ruru/.gradle/caches/modules-2/files-2.1/org.springframework.data/spring-data-commons/1.13.7.RELEASE/cf4538abda1f0a9cf2323d6e4204df0130aeec73/spring-data-commons-1.13.7.RELEASE.jar:/home/ruru/.gradle/caches/modules-2/files-2.1/org.springframework/spring-beans/4.3.11.RELEASE/591cc35fd39292adae13f01aa13e978d0bb11936/spring-beans-4.3.11.RELEASE.jar:/home/ruru/.gradle/caches/modules-2/files-2.1/org.springframework/spring-expression/4.3.11.RELEASE/fca662a2fccdad90ec22b2aaecb021047dcbe249/spring-expression-4.3.11.RELEASE.jar:/home/ruru/.gradle/caches/modules-2/files-2.1/org.springframework/spring-core/4.3.11.RELEASE/eb30ed093f628279d3aead068fd478fa343f1dad/spring-core-4.3.11.RELEASE.jar:/home/ruru/.gradle/caches/modules-2/files-2.1/org.springframework.boot/spring-boot-starter-logging/1.5.7.RELEASE/c84c4ea09d7f789a0d5e936a961471e5dbd9295e/spring-boot-starter-logging-1.5.7.RELEASE.jar:/home/ruru/.gradle/caches/modules-2/files-2.1/org.yaml/snakeyaml/1.17/7a27ea250c5130b2922b86dea63cbb1cc10a660c/snakeyaml-1.17.jar:/home/ruru/.gradle/caches/modules-2/files-2.1/com.fasterxml.jackson.core/jackson-core/2.8.10/eb21a035c66ad307e66ec8fce37f5d50fd62d039/jackson-core-2.8.10.jar:/home/ruru/.gradle/caches/modules-2/files-2.1/org.slf4j/jcl-over-slf4j/1.7.25/f8c32b13ff142a513eeb5b6330b1588dcb2c0461/jcl-over-slf4j-1.7.25.jar:/home/ruru/.gradle/caches/modules-2/files-2.1/ch.qos.logback/logback-classic/1.1.11/ccedfbacef4a6515d2983e3f89ed753d5d4fb665/logback-classic-1.1.11.jar:/home/ruru/.gradle/caches/modules-2/files-2.1/org.slf4j/jul-to-slf4j/1.7.25/af5364cd6679bfffb114f0dec8a157aaa283b76/jul-to-slf4j-1.7.25.jar:/home/ruru/.gradle/caches/modules-2/files-2.1/org.slf4j/log4j-over-slf4j/1.7.25/a87bb47468f47ee7aabbd54f93e133d4215769c3/log4j-over-slf4j-1.7.25.jar:/home/ruru/.gradle/caches/modules-2/files-2.1/org.slf4j/slf4j-api/1.7.25/da76ca59f6a57ee3102f8f9bd9cee742973efa8a/slf4j-api-1.7.25.jar:/home/ruru/.gradle/caches/modules-2/files-2.1/org.apache.tomcat.embed/tomcat-embed-websocket/8.5.20/4df9055507926a2651f691cc9964c50493a0ab29/tomcat-embed-websocket-8.5.20.jar:/home/ruru/.gradle/caches/modules-2/files-2.1/org.apache.tomcat.embed/tomcat-embed-core/8.5.20/b9026ee20f1f6a2b0fc3e51dd806d800901448b0/tomcat-embed-core-8.5.20.jar:/home/ruru/.gradle/caches/modules-2/files-2.1/org.apache.tomcat.embed/tomcat-embed-el/8.5.20/42960f481a8a80f4ffd3b865c2232820e3565bf1/tomcat-embed-el-8.5.20.jar:/home/ruru/.gradle/caches/modules-2/files-2.1/javax.validation/validation-api/1.1.0.Final/8613ae82954779d518631e05daa73a6a954817d5/validation-api-1.1.0.Final.jar:/home/ruru/.gradle/caches/modules-2/files-2.1/org.jboss.logging/jboss-logging/3.3.0.Final/3616bb87707910296e2c195dc016287080bba5af/jboss-logging-3.3.0.Final.jar:/home/ruru/.gradle/caches/modules-2/files-2.1/com.fasterxml/classmate/1.3.1/2ad2fd09dcf5607ca96f8ef432096a96986c40a/classmate-1.3.1.jar:/home/ruru/.gradle/caches/modules-2/files-2.1/net.minidev/json-smart/2.2.1/5b9e5df7a62d1279b70dc882b041d249c4f0b002/json-smart-2.2.1.jar:/home/ruru/.gradle/caches/modules-2/files-2.1/org.objenesis/objenesis/2.1/87c0ea803b69252868d09308b4618f766f135a96/objenesis-2.1.jar:/home/ruru/.gradle/caches/modules-2/files-2.1/com.vaadin.external.google/android-json/0.0.20131108.vaadin1/fa26d351fe62a6a17f5cda1287c1c6110dec413f/android-json-0.0.20131108.vaadin1.jar:/home/ruru/.gradle/caches/modules-2/files-2.1/commons-logging/commons-logging/1.2/4bfc12adfe4842bf07b657f0369c4cb522955686/commons-logging-1.2.jar:/home/ruru/.gradle/caches/modules-2/files-2.1/org.atteo/evo-inflector/1.2.2/2551aad98d65ac5464d81fe05f0e1516cfe471c9/evo-inflector-1.2.2.jar:/home/ruru/.gradle/caches/modules-2/files-2.1/net.minidev/accessors-smart/1.1/a527213f2fea112a04c9bdf0ec0264e34104cd08/accessors-smart-1.1.jar:/home/ruru/.gradle/caches/modules-2/files-2.1/ch.qos.logback/logback-core/1.1.11/88b8df40340eed549fb07e2613879bf6b006704d/logback-core-1.1.11.jar:/home/ruru/.gradle/caches/modules-2/files-2.1/org.ow2.asm/asm/5.0.3/dcc2193db20e19e1feca8b1240dbbc4e190824fa/asm-5.0.3.jar, user.name=ruru, java.vm.specification.version=1.8, sun.java.command=worker.org.gradle.process.internal.worker.GradleWorkerMain 'Gradle Test Executor 12', java.home=/usr/lib/jvm/java-8-oracle/jre, sun.arch.data.model=64, user.language=en, java.specification.vendor=Oracle Corporation, awt.toolkit=sun.awt.X11.XToolkit, java.vm.info=mixed mode, java.version=1.8.0_201, java.ext.dirs=/usr/lib/jvm/java-8-oracle/jre/lib/ext:/usr/java/packages/lib/ext, sun.boot.class.path=/usr/lib/jvm/java-8-oracle/jre/lib/resources.jar:/usr/lib/jvm/java-8-oracle/jre/lib/rt.jar:/usr/lib/jvm/java-8-oracle/jre/lib/sunrsasign.jar:/usr/lib/jvm/java-8-oracle/jre/lib/jsse.jar:/usr/lib/jvm/java-8-oracle/jre/lib/jce.jar:/usr/lib/jvm/java-8-oracle/jre/lib/charsets.jar:/usr/lib/jvm/java-8-oracle/jre/lib/jfr.jar:/usr/lib/jvm/java-8-oracle/jre/classes, java.vendor=Oracle Corporation, org.gradle.test.worker=12, file.separator=/, java.vendor.url.bug=http://bugreport.sun.com/bugreport/, sun.io.unicode.encoding=UnicodeLittle, sun.cpu.endian=little, sun.desktop=gnome, sun.cpu.isalist=}}, SystemEnvironmentPropertySource@34449593 {name='systemEnvironment', properties={PATH=/home/ruru/.sdkman/candidates/springboot/current/bin:/home/ruru/.sdkman/candidates/gradle/current/bin:/home/ruru/anaconda3/bin:/home/ruru/.zplug/bin:/home/ruru/.local/bin:/usr/local/sbin:/usr/local/bin:/usr/sbin:/usr/bin:/sbin:/bin:/usr/games:/usr/local/games:/snap/bin:/usr/lib/jvm/java-8-oracle/bin:/usr/lib/jvm/java-8-oracle/db/bin:/usr/lib/jvm/java-8-oracle/jre/bin:/home/ruru/Android/Sdk/bin/tools:/home/ruru/Android/Sdk/bin/tools/bin:/home/ruru/Android/Sdk/bin/platform-tools:/home/ruru/development/flutter/bin, SDKMAN_VERSION=5.7.3+337, ZPLUG_REPOS=/home/ruru/.zplug/repos, XMODIFIERS=@im=ibus, ZPLUG_PROTOCOL=HTTPS, GDMSESSION=ubuntu, CONDA_DEFAULT_ENV=base, TEXTDOMAINDIR=/usr/share/locale/, CONDA_PYTHON_EXE=/home/ruru/anaconda3/bin/python, DBUS_SESSION_BUS_ADDRESS=unix:path=/run/user/1000/bus,guid=54afa4d1a3088950cbffb22e5d62deaf, ZPLUG_LOG_LOAD_FAILURE=false, ANDROID_HOME=/home/ruru/Android/Sdk/bin, DEFAULTS_PATH=/usr/share/gconf/ubuntu.default.path, CONDA_PREFIX=/home/ruru/anaconda3, SSH_AGENT_PID=1873, _ZPLUG_PREZTO=sorin-ionescu/prezto, COLORTERM=truecolor, _ZPLUG_VERSION=2.4.2, ENHANCD_HYPHEN_ARG=-, SDKMAN_DIR=/home/ruru/.sdkman, SESSION_MANAGER=local/ruru101:@/tmp/.ICE-unix/1793,unix/ruru101:/tmp/.ICE-unix/1793, USERNAME=ruru, PWD=/home/ruru/bootcamp/Spring/NewApp, MANAGERPID=1763, DERBY_HOME=/usr/lib/jvm/java-8-oracle/db, LANGUAGE=en_IN:en, SDKMAN_CANDIDATES_API=https://api.sdkman.io/2, ZSH=/home/ruru/.zplug/repos/robbyrussell/oh-my-zsh, GNOME_DESKTOP_SESSION_ID=this-is-deprecated, GNOME_TERMINAL_SCREEN=/org/gnome/Terminal/screen/0b43470e_16b5_4c89_a0b1_831398e2eef3, GTK_MODULES=gail:atk-bridge, CLUTTER_IM_MODULE=xim, LC_ALL=en_US.UTF-8, TEXTDOMAIN=im-config, CONDA_PROMPT_MODIFIER=, ENHANCD_HOME_ARG=, DBUS_STARTER_ADDRESS=unix:path=/run/user/1000/bus,guid=54afa4d1a3088950cbffb22e5d62deaf, SHLVL=1, ZPLUG_THREADS=16, ZPLUG_USE_CACHE=true, CONDA_EXE=/home/ruru/anaconda3/bin/conda, JAVA_HOME=/usr/lib/jvm/java-8-oracle, TERM=xterm-256color, XDG_CONFIG_DIRS=/etc/xdg/xdg-ubuntu:/etc/xdg, XDG_SESSION_ID=2, GRADLE_HOME=/home/ruru/.sdkman/candidates/gradle/current, ZPLUG_CACHE_DIR=/home/ruru/.zplug/cache, ENHANCD_DISABLE_HOME=0, ZPLUG_FILTER=fzf-tmux:fzf:peco:percol:fzy:zaw, _=/home/ruru/.sdkman/candidates/gradle/current/bin/gradle, ENHANCD_DISABLE_DOT=0, ZPLUG_ERROR_LOG=/home/ruru/.zplug/.error_log, ZSH_CACHE_DIR=/home/ruru/.zplug/repos/robbyrussell/oh-my-zsh/cache/, DESKTOP_SESSION=ubuntu, XDG_MENU_PREFIX=gnome-, ENHANCD_DIR=/home/ruru/.enhancd, VTE_VERSION=5202, QT_ACCESSIBILITY=1, _ZPLUG_OHMYZSH=robbyrussell/oh-my-zsh, ZPLUG_LOG_LOAD_SUCCESS=false, ENHANCD_DOT_ARG=.., XAUTHORITY=/run/user/1000/gdm/Xauthority, INVOCATION_ID=3d919556daeb45b5ad99373fafc61cc6, XDG_DATA_DIRS=/usr/share/ubuntu:/usr/local/share:/usr/share:/var/lib/snapd/desktop, MANDATORY_PATH=/usr/share/gconf/ubuntu.mandatory.path, GTK_IM_MODULE=ibus, ENHANCD_FILTER=fzf:peco:percol, ENHANCD_ROOT=/home/ruru/.zplug/repos/b4b4r07/enhancd, XDG_CURRENT_DESKTOP=ubuntu:GNOME, JOURNAL_STREAM=9:33375, FPATH=/home/ruru/.zplug/repos/jocelynmallon/zshmarks:/home/ruru/.zplug/repos/robbyrussell/oh-my-zsh/plugins/pip:/home/ruru/.zplug/repos/robbyrussell/oh-my-zsh/plugins/extract:/home/ruru/.zplug/repos/robbyrussell/oh-my-zsh/plugins/gem:/home/ruru/.zplug/misc/completions:/home/ruru/.zplug/base/sources:/home/ruru/.zplug/autoload:/home/ruru/.zplug/base/utils:/home/ruru/.zplug/base/job:/home/ruru/.zplug/base/log:/home/ruru/.zplug/base/io:/home/ruru/.zplug/base/core:/home/ruru/.zplug/base/base:/home/ruru/.zplug/autoload/commands:/home/ruru/.zplug/autoload/options:/home/ruru/.zplug/autoload/tags:/usr/local/share/zsh/site-functions:/usr/share/zsh/vendor-functions:/usr/share/zsh/vendor-completions:/usr/share/zsh/functions/Calendar:/usr/share/zsh/functions/Chpwd:/usr/share/zsh/functions/Completion:/usr/share/zsh/functions/Completion/AIX:/usr/share/zsh/functions/Completion/BSD:/usr/share/zsh/functions/Completion/Base:/usr/share/zsh/functions/Completion/Cygwin:/usr/share/zsh/functions/Completion/Darwin:/usr/share/zsh/functions/Completion/Debian:/usr/share/zsh/functions/Completion/Linux:/usr/share/zsh/functions/Completion/Mandriva:/usr/share/zsh/functions/Completion/Redhat:/usr/share/zsh/functions/Completion/Solaris:/usr/share/zsh/functions/Completion/Unix:/usr/share/zsh/functions/Completion/X:/usr/share/zsh/functions/Completion/Zsh:/usr/share/zsh/functions/Completion/openSUSE:/usr/share/zsh/functions/Exceptions:/usr/share/zsh/functions/MIME:/usr/share/zsh/functions/Math:/usr/share/zsh/functions/Misc:/usr/share/zsh/functions/Newuser:/usr/share/zsh/functions/Prompts:/usr/share/zsh/functions/TCP:/usr/share/zsh/functions/VCS_Info:/usr/share/zsh/functions/VCS_Info/Backends:/usr/share/zsh/functions/Zftp:/usr/share/zsh/functions/Zle:/home/ruru/.zplug/repos/zsh-users/zsh-completions/src, QT4_IM_MODULE=xim, LOGNAME=ruru, IM_CONFIG_PHASE=2, SPRINGBOOT_HOME=/home/ruru/.sdkman/candidates/springboot/current, SHELL=/bin/zsh, J2SDKDIR=/usr/lib/jvm/java-8-oracle, OLDPWD=/home/ruru/.sdkman/candidates/gradle/current, _ZPLUG_CONFIG_SUBSHELL=:, J2REDIR=/usr/lib/jvm/java-8-oracle/jre, PERIOD=30, ENHANCD_COMMAND=c, LESS=--tabs=4 --no-init --LONG-PROMPT --ignore-case --quit-if-one-screen --RAW-CONTROL-CHARS, LS_COLORS=no=00;38;5;244:rs=0:di=00;38;5;33:ln=00;38;5;37:mh=00:pi=48;5;230;38;5;136;01:so=48;5;230;38;5;136;01:do=48;5;230;38;5;136;01:bd=48;5;230;38;5;244;01:cd=48;5;230;38;5;244;01:or=48;5;235;38;5;160:su=48;5;160;38;5;230:sg=48;5;136;38;5;230:ca=30;41:tw=48;5;64;38;5;230:ow=48;5;235;38;5;33:st=48;5;33;38;5;230:ex=00;38;5;64:*.tar=00;38;5;61:*.tgz=00;38;5;61:*.arj=00;38;5;61:*.taz=00;38;5;61:*.lzh=00;38;5;61:*.lzma=00;38;5;61:*.tlz=00;38;5;61:*.txz=00;38;5;61:*.zip=00;38;5;61:*.z=00;38;5;61:*.Z=00;38;5;61:*.dz=00;38;5;61:*.gz=00;38;5;61:*.lz=00;38;5;61:*.xz=00;38;5;61:*.bz2=00;38;5;61:*.bz=00;38;5;61:*.tbz=00;38;5;61:*.tbz2=00;38;5;61:*.tz=00;38;5;61:*.deb=00;38;5;61:*.rpm=00;38;5;61:*.jar=00;38;5;61:*.rar=00;38;5;61:*.ace=00;38;5;61:*.zoo=00;38;5;61:*.cpio=00;38;5;61:*.7z=00;38;5;61:*.rz=00;38;5;61:*.apk=00;38;5;61:*.gem=00;38;5;61:*.jpg=00;38;5;136:*.JPG=00;38;5;136:*.jpeg=00;38;5;136:*.gif=00;38;5;136:*.bmp=00;38;5;136:*.pbm=00;38;5;136:*.pgm=00;38;5;136:*.ppm=00;38;5;136:*.tga=00;38;5;136:*.xbm=00;38;5;136:*.xpm=00;38;5;136:*.tif=00;38;5;136:*.tiff=00;38;5;136:*.png=00;38;5;136:*.PNG=00;38;5;136:*.svg=00;38;5;136:*.svgz=00;38;5;136:*.mng=00;38;5;136:*.pcx=00;38;5;136:*.dl=00;38;5;136:*.xcf=00;38;5;136:*.xwd=00;38;5;136:*.yuv=00;38;5;136:*.cgm=00;38;5;136:*.emf=00;38;5;136:*.eps=00;38;5;136:*.CR2=00;38;5;136:*.ico=00;38;5;136:*.tex=00;38;5;245:*.rdf=00;38;5;245:*.owl=00;38;5;245:*.n3=00;38;5;245:*.ttl=00;38;5;245:*.nt=00;38;5;245:*.torrent=00;38;5;245:*.xml=00;38;5;245:*Makefile=00;38;5;245:*Rakefile=00;38;5;245:*Dockerfile=00;38;5;245:*build.xml=00;38;5;245:*rc=00;38;5;245:*1=00;38;5;245:*.nfo=00;38;5;245:*README=00;38;5;245:*README.txt=00;38;5;245:*readme.txt=00;38;5;245:*.md=00;38;5;245:*README.markdown=00;38;5;245:*.ini=00;38;5;245:*.yml=00;38;5;245:*.cfg=00;38;5;245:*.conf=00;38;5;245:*.h=00;38;5;245:*.hpp=00;38;5;245:*.c=00;38;5;245:*.cpp=00;38;5;245:*.cxx=00;38;5;245:*.cc=00;38;5;245:*.objc=00;38;5;245:*.sqlite=00;38;5;245:*.go=00;38;5;245:*.sql=00;38;5;245:*.csv=00;38;5;245:*.log=00;38;5;240:*.bak=00;38;5;240:*.aux=00;38;5;240:*.lof=00;38;5;240:*.lol=00;38;5;240:*.lot=00;38;5;240:*.out=00;38;5;240:*.toc=00;38;5;240:*.bbl=00;38;5;240:*.blg=00;38;5;240:*~=00;38;5;240:*#=00;38;5;240:*.part=00;38;5;240:*.incomplete=00;38;5;240:*.swp=00;38;5;240:*.tmp=00;38;5;240:*.temp=00;38;5;240:*.o=00;38;5;240:*.pyc=00;38;5;240:*.class=00;38;5;240:*.cache=00;38;5;240:*.aac=00;38;5;166:*.au=00;38;5;166:*.flac=00;38;5;166:*.mid=00;38;5;166:*.midi=00;38;5;166:*.mka=00;38;5;166:*.mp3=00;38;5;166:*.mpc=00;38;5;166:*.ogg=00;38;5;166:*.opus=00;38;5;166:*.ra=00;38;5;166:*.wav=00;38;5;166:*.m4a=00;38;5;166:*.axa=00;38;5;166:*.oga=00;38;5;166:*.spx=00;38;5;166:*.xspf=00;38;5;166:*.mov=00;38;5;166:*.MOV=00;38;5;166:*.mpg=00;38;5;166:*.mpeg=00;38;5;166:*.m2v=00;38;5;166:*.mkv=00;38;5;166:*.ogm=00;38;5;166:*.mp4=00;38;5;166:*.m4v=00;38;5;166:*.mp4v=00;38;5;166:*.vob=00;38;5;166:*.qt=00;38;5;166:*.nuv=00;38;5;166:*.wmv=00;38;5;166:*.asf=00;38;5;166:*.rm=00;38;5;166:*.rmvb=00;38;5;166:*.flc=00;38;5;166:*.avi=00;38;5;166:*.fli=00;38;5;166:*.flv=00;38;5;166:*.gl=00;38;5;166:*.m2ts=00;38;5;166:*.divx=00;38;5;166:*.webm=00;38;5;166:*.axv=00;38;5;166:*.anx=00;38;5;166:*.ogv=00;38;5;166:*.ogx=00;38;5;166:, XDG_SESSION_DESKTOP=ubuntu, ENHANCD_USE_FUZZY_MATCH=1, _ZPLUG_AWKPATH=/home/ruru/.zplug/misc/contrib, ENHANCD_DISABLE_HYPHEN=0, FZF_DEFAULT_OPTS=--height 40% --reverse --border --inline-info --color=dark,bg+:235,hl+:10,pointer:5, QT_IM_MODULE=ibus, GNOME_TERMINAL_SERVICE=:1.199, LANG=en_US.UTF-8, XDG_SESSION_TYPE=x11, ZPLUG_ROOT=/home/ruru/.zplug, _ZPLUG_URL=https://github.com/zplug/zplug, DISPLAY=:0, ZPLUG_HOME=/home/ruru/.zplug, ZPLUG_LOADFILE=/home/ruru/.zplug/packages.zsh, CONDA_SHLVL=1, SDKMAN_CANDIDATES_DIR=/home/ruru/.sdkman/candidates, BOOKMARKS_FILE=/home/ruru/.bookmarks, CATALINA_HOME=/usr/local/tomcat8, GPG_AGENT_INFO=/run/user/1000/gnupg/S.gpg-agent:0:1, GPG_TTY=/dev/pts/2, SDKMAN_PLATFORM=Linux64, USER=ruru, WINDOWPATH=2, SSH_AUTH_SOCK=/run/user/1000/keyring/ssh, XDG_SEAT=seat0, ZPLUG_BIN=/home/ruru/.zplug/bin, ENHANCD_DOT_SHOW_FULLPATH=1, GNOME_SHELL_SESSION_MODE=ubuntu, XDG_VTNR=2, XDG_RUNTIME_DIR=/run/user/1000, DBUS_STARTER_BUS_TYPE=session, HOME=/home/ruru}}]
19:08:51.117 [Test worker] DEBUG org.springframework.core.io.support.PathMatchingResourcePatternResolver - Resolved classpath location [com/example/NewApp/] to resources [URL [file:/home/ruru/bootcamp/Spring/NewApp/build/classes/java/test/com/example/NewApp/], URL [file:/home/ruru/bootcamp/Spring/NewApp/build/classes/java/main/com/example/NewApp/]]
19:08:51.118 [Test worker] DEBUG org.springframework.core.io.support.PathMatchingResourcePatternResolver - Looking for matching resources in directory tree [/home/ruru/bootcamp/Spring/NewApp/build/classes/java/test/com/example/NewApp]
19:08:51.118 [Test worker] DEBUG org.springframework.core.io.support.PathMatchingResourcePatternResolver - Searching directory [/home/ruru/bootcamp/Spring/NewApp/build/classes/java/test/com/example/NewApp] for files matching pattern [/home/ruru/bootcamp/Spring/NewApp/build/classes/java/test/com/example/NewApp/*.class]
19:08:51.120 [Test worker] DEBUG org.springframework.core.io.support.PathMatchingResourcePatternResolver - Looking for matching resources in directory tree [/home/ruru/bootcamp/Spring/NewApp/build/classes/java/main/com/example/NewApp]
19:08:51.120 [Test worker] DEBUG org.springframework.core.io.support.PathMatchingResourcePatternResolver - Searching directory [/home/ruru/bootcamp/Spring/NewApp/build/classes/java/main/com/example/NewApp] for files matching pattern [/home/ruru/bootcamp/Spring/NewApp/build/classes/java/main/com/example/NewApp/*.class]
19:08:51.120 [Test worker] DEBUG org.springframework.core.io.support.PathMatchingResourcePatternResolver - Resolved location pattern [classpath*:com/example/NewApp/*.class] to resources [file [/home/ruru/bootcamp/Spring/NewApp/build/classes/java/test/com/example/NewApp/NewAppApplicationTests.class], file [/home/ruru/bootcamp/Spring/NewApp/build/classes/java/main/com/example/NewApp/NewAppApplication$1.class], file [/home/ruru/bootcamp/Spring/NewApp/build/classes/java/main/com/example/NewApp/NewAppApplication.class], file [/home/ruru/bootcamp/Spring/NewApp/build/classes/java/main/com/example/NewApp/TestController.class], file [/home/ruru/bootcamp/Spring/NewApp/build/classes/java/main/com/example/NewApp/User.class]]
19:08:51.154 [Test worker] DEBUG org.springframework.context.annotation.ClassPathScanningCandidateComponentProvider - Identified candidate component class: file [/home/ruru/bootcamp/Spring/NewApp/build/classes/java/main/com/example/NewApp/NewAppApplication.class]
19:08:51.162 [Test worker] INFO org.springframework.boot.test.context.SpringBootTestContextBootstrapper - Found @SpringBootConfiguration com.example.NewApp.NewAppApplication for test class com.example.NewApp.NewAppApplicationTests
19:08:51.164 [Test worker] DEBUG org.springframework.boot.test.context.SpringBootTestContextBootstrapper - @TestExecutionListeners is not present for class [com.example.NewApp.NewAppApplicationTests]: using defaults.
19:08:51.167 [Test worker] INFO org.springframework.boot.test.context.SpringBootTestContextBootstrapper - Loaded default TestExecutionListener class names from location [META-INF/spring.factories]: [org.springframework.boot.test.autoconfigure.restdocs.RestDocsTestExecutionListener, org.springframework.boot.test.autoconfigure.web.client.MockRestServiceServerResetTestExecutionListener, org.springframework.boot.test.autoconfigure.web.servlet.MockMvcPrintOnlyOnFailureTestExecutionListener, org.springframework.boot.test.autoconfigure.web.servlet.WebDriverTestExecutionListener, org.springframework.boot.test.mock.mockito.MockitoTestExecutionListener, org.springframework.boot.test.mock.mockito.ResetMocksTestExecutionListener, org.springframework.test.context.web.ServletTestExecutionListener, org.springframework.test.context.support.DirtiesContextBeforeModesTestExecutionListener, org.springframework.test.context.support.DependencyInjectionTestExecutionListener, org.springframework.test.context.support.DirtiesContextTestExecutionListener, org.springframework.test.context.transaction.TransactionalTestExecutionListener, org.springframework.test.context.jdbc.SqlScriptsTestExecutionListener]
19:08:51.178 [Test worker] INFO org.springframework.boot.test.context.SpringBootTestContextBootstrapper - Using TestExecutionListeners: [org.springframework.test.context.web.ServletTestExecutionListener@3ef34755, org.springframework.test.context.support.DirtiesContextBeforeModesTestExecutionListener@4c06c989, org.springframework.boot.test.autoconfigure.SpringBootDependencyInjectionTestExecutionListener@49f24626, org.springframework.test.context.support.DirtiesContextTestExecutionListener@77f9c29f, org.springframework.test.context.transaction.TransactionalTestExecutionListener@5314eada, org.springframework.test.context.jdbc.SqlScriptsTestExecutionListener@29242bb0, org.springframework.boot.test.autoconfigure.web.client.MockRestServiceServerResetTestExecutionListener@723c9bc4, org.springframework.boot.test.autoconfigure.web.servlet.MockMvcPrintOnlyOnFailureTestExecutionListener@4b685226, org.springframework.boot.test.mock.mockito.MockitoTestExecutionListener@3fde23ab, org.springframework.boot.test.autoconfigure.web.servlet.WebDriverTestExecutionListener@37afe64b, org.springframework.boot.test.mock.mockito.ResetMocksTestExecutionListener@215ba9c1, org.springframework.boot.test.autoconfigure.restdocs.RestDocsTestExecutionListener@28ab26ae]
19:08:51.179 [Test worker] DEBUG org.springframework.test.annotation.ProfileValueUtils - Retrieved @ProfileValueSourceConfiguration [null] for test class [com.example.NewApp.NewAppApplicationTests]
19:08:51.179 [Test worker] DEBUG org.springframework.test.annotation.ProfileValueUtils - Retrieved ProfileValueSource type [class org.springframework.test.annotation.SystemProfileValueSource] for class [com.example.NewApp.NewAppApplicationTests]
19:08:51.180 [Test worker] DEBUG org.springframework.test.annotation.ProfileValueUtils - Retrieved @ProfileValueSourceConfiguration [null] for test class [com.example.NewApp.NewAppApplicationTests]
19:08:51.180 [Test worker] DEBUG org.springframework.test.annotation.ProfileValueUtils - Retrieved ProfileValueSource type [class org.springframework.test.annotation.SystemProfileValueSource] for class [com.example.NewApp.NewAppApplicationTests]
19:08:51.182 [Test worker] DEBUG org.springframework.test.context.support.AbstractDirtiesContextTestExecutionListener - Before test class: context [DefaultTestContext@17ff628b testClass = NewAppApplicationTests, testInstance = [null], testMethod = [null], testException = [null], mergedContextConfiguration = [WebMergedContextConfiguration@37a767b8 testClass = NewAppApplicationTests, locations = '{}', classes = '{class com.example.NewApp.NewAppApplication}', contextInitializerClasses = '[]', activeProfiles = '{}', propertySourceLocations = '{}', propertySourceProperties = '{org.springframework.boot.test.context.SpringBootTestContextBootstrapper=true}', contextCustomizers = set[org.springframework.boot.test.autoconfigure.properties.PropertyMappingContextCustomizer@0, org.springframework.boot.test.autoconfigure.web.servlet.WebDriverContextCustomizerFactory$Customizer@264b0cc6, org.springframework.boot.test.context.SpringBootTestContextCustomizer@42639def, org.springframework.boot.test.context.filter.ExcludeFilterContextCustomizer@3a6dab3d, org.springframework.boot.test.json.DuplicateJsonObjectContextCustomizerFactory$DuplicateJsonObjectContextCustomizer@166e63b8, org.springframework.boot.test.mock.mockito.MockitoContextCustomizer@0], resourceBasePath = 'src/main/webapp', contextLoader = 'org.springframework.boot.test.context.SpringBootContextLoader', parent = [null]]], class annotated with @DirtiesContext [false] with mode [null].
19:08:51.183 [Test worker] DEBUG org.springframework.test.annotation.ProfileValueUtils - Retrieved @ProfileValueSourceConfiguration [null] for test class [com.example.NewApp.NewAppApplicationTests]
19:08:51.183 [Test worker] DEBUG org.springframework.test.annotation.ProfileValueUtils - Retrieved ProfileValueSource type [class org.springframework.test.annotation.SystemProfileValueSource] for class [com.example.NewApp.NewAppApplicationTests]
19:08:51.215 [Test worker] DEBUG org.springframework.core.env.StandardEnvironment - Adding PropertySource 'systemProperties' with lowest search precedence
19:08:51.215 [Test worker] DEBUG org.springframework.core.env.StandardEnvironment - Adding PropertySource 'systemEnvironment' with lowest search precedence
19:08:51.216 [Test worker] DEBUG org.springframework.core.env.StandardEnvironment - Initialized StandardEnvironment with PropertySources [MapPropertySource@1816514253 {name='systemProperties', properties={java.runtime.name=Java(TM) SE Runtime Environment, sun.boot.library.path=/usr/lib/jvm/java-8-oracle/jre/lib/amd64, java.vm.version=25.201-b09, java.vm.vendor=Oracle Corporation, java.vendor.url=http://java.oracle.com/, path.separator=:, java.vm.name=Java HotSpot(TM) 64-Bit Server VM, file.encoding.pkg=sun.io, sun.java.launcher=SUN_STANDARD, user.country=US, sun.os.patch.level=unknown, java.vm.specification.name=Java Virtual Machine Specification, user.dir=/home/ruru/bootcamp/Spring/NewApp, java.runtime.version=1.8.0_201-b09, java.awt.graphicsenv=sun.awt.X11GraphicsEnvironment, java.endorsed.dirs=/usr/lib/jvm/java-8-oracle/jre/lib/endorsed, os.arch=amd64, java.io.tmpdir=/tmp, line.separator=
, java.vm.specification.vendor=Oracle Corporation, user.variant=, os.name=Linux, sun.jnu.encoding=UTF-8, java.library.path=/usr/java/packages/lib/amd64:/usr/lib64:/lib64:/lib:/usr/lib, java.specification.name=Java Platform API Specification, java.class.version=52.0, org.gradle.native=false, sun.management.compiler=HotSpot 64-Bit Tiered Compilers, os.version=4.15.0-55-generic, user.home=/home/ruru, user.timezone=Asia/Kolkata, java.awt.printerjob=sun.print.PSPrinterJob, file.encoding=UTF-8, java.specification.version=1.8, java.class.path=/home/ruru/bootcamp/Spring/NewApp/build/classes/java/test:/home/ruru/bootcamp/Spring/NewApp/build/resources/test:/home/ruru/bootcamp/Spring/NewApp/build/classes/java/main:/home/ruru/bootcamp/Spring/NewApp/build/resources/main:/home/ruru/.gradle/caches/modules-2/files-2.1/org.springframework.boot/spring-boot-starter-data-rest/1.5.7.RELEASE/cc092ea664a736c5fdf6077dd86f3459bcdd8caa/spring-boot-starter-data-rest-1.5.7.RELEASE.jar:/home/ruru/.gradle/caches/modules-2/files-2.1/org.springframework.boot/spring-boot-starter-web/1.5.7.RELEASE/a862305be8b7512a41f6768d825ed37251ccbbe0/spring-boot-starter-web-1.5.7.RELEASE.jar:/home/ruru/.gradle/caches/modules-2/files-2.1/org.springframework.boot/spring-boot-starter-test/1.5.7.RELEASE/d23f37a72c2d4e46aba66bc69a649213f9cadeee/spring-boot-starter-test-1.5.7.RELEASE.jar:/home/ruru/.gradle/caches/modules-2/files-2.1/org.springframework.boot/spring-boot-starter/1.5.7.RELEASE/b42fe6962dd8b3be4ac8c1d7134d0ca2d0a35c7e/spring-boot-starter-1.5.7.RELEASE.jar:/home/ruru/.gradle/caches/modules-2/files-2.1/org.springframework.data/spring-data-rest-webmvc/2.6.7.RELEASE/9a638b76b290b52a241b59a7341a042a063bad3d/spring-data-rest-webmvc-2.6.7.RELEASE.jar:/home/ruru/.gradle/caches/modules-2/files-2.1/com.fasterxml.jackson.core/jackson-databind/2.8.10/f7b83cb2bc4b88d53961e749e1ad32f49ef017b7/jackson-databind-2.8.10.jar:/home/ruru/.gradle/caches/modules-2/files-2.1/org.springframework.data/spring-data-rest-core/2.6.7.RELEASE/fe15f604fa9b35f16af608c05266fcba53a7d17c/spring-data-rest-core-2.6.7.RELEASE.jar:/home/ruru/.gradle/caches/modules-2/files-2.1/com.fasterxml.jackson.core/jackson-annotations/2.8.10/5e924646d6f893bc9036939c5f2b4ecaee85e5da/jackson-annotations-2.8.10.jar:/home/ruru/.gradle/caches/modules-2/files-2.1/org.springframework.boot/spring-boot-starter-tomcat/1.5.7.RELEASE/eae533e2a0111a51d812912acb3d3e2368736d1b/spring-boot-starter-tomcat-1.5.7.RELEASE.jar:/home/ruru/.gradle/caches/modules-2/files-2.1/org.hibernate/hibernate-validator/5.3.5.Final/622a9bcef2eed6d41b5b8e0662c36212009e375/hibernate-validator-5.3.5.Final.jar:/home/ruru/.gradle/caches/modules-2/files-2.1/org.springframework.hateoas/spring-hateoas/0.23.0.RELEASE/678ffa0798f417a794fea592dc8066e325611919/spring-hateoas-0.23.0.RELEASE.jar:/home/ruru/.gradle/caches/modules-2/files-2.1/org.springframework/spring-webmvc/4.3.11.RELEASE/814f91ec4dc324e724bbe7cbc5045b234604c539/spring-webmvc-4.3.11.RELEASE.jar:/home/ruru/.gradle/caches/modules-2/files-2.1/org.springframework/spring-web/4.3.11.RELEASE/50a3dfce550bdf9459dfb2c6282aa104b040258e/spring-web-4.3.11.RELEASE.jar:/home/ruru/.gradle/caches/modules-2/files-2.1/org.springframework.boot/spring-boot-test-autoconfigure/1.5.7.RELEASE/8bead16b97c9f1b5fe7c47f3e030dd9351a6974d/spring-boot-test-autoconfigure-1.5.7.RELEASE.jar:/home/ruru/.gradle/caches/modules-2/files-2.1/org.springframework.boot/spring-boot-test/1.5.7.RELEASE/b8d77445d48f4320f404d8f13f4e5cb95bc36b30/spring-boot-test-1.5.7.RELEASE.jar:/home/ruru/.gradle/caches/modules-2/files-2.1/com.jayway.jsonpath/json-path/2.2.0/22290d17944bd239fabf5ac69005a60a7ecbbbcb/json-path-2.2.0.jar:/home/ruru/.gradle/caches/modules-2/files-2.1/junit/junit/4.12/2973d150c0dc1fefe998f834810d68f278ea58ec/junit-4.12.jar:/home/ruru/.gradle/caches/modules-2/files-2.1/org.assertj/assertj-core/2.6.0/b532c3fc4f66bcfee4989a3514f1cd56203a33ad/assertj-core-2.6.0.jar:/home/ruru/.gradle/caches/modules-2/files-2.1/org.mockito/mockito-core/1.10.19/e8546f5bef4e061d8dd73895b4e8f40e3fe6effe/mockito-core-1.10.19.jar:/home/ruru/.gradle/caches/modules-2/files-2.1/org.hamcrest/hamcrest-library/1.3/4785a3c21320980282f9f33d0d1264a69040538f/hamcrest-library-1.3.jar:/home/ruru/.gradle/caches/modules-2/files-2.1/org.hamcrest/hamcrest-core/1.3/42a25dc3219429f0e5d060061f71acb49bf010a0/hamcrest-core-1.3.jar:/home/ruru/.gradle/caches/modules-2/files-2.1/org.skyscreamer/jsonassert/1.4.0/9cdbb373a06f6513e51e8c545ee6a5e981463edb/jsonassert-1.4.0.jar:/home/ruru/.gradle/caches/modules-2/files-2.1/org.springframework/spring-test/4.3.11.RELEASE/cf765b5d6d6bdc38c67522ecae3fe9549da43e1/spring-test-4.3.11.RELEASE.jar:/home/ruru/.gradle/caches/modules-2/files-2.1/org.springframework.boot/spring-boot-autoconfigure/1.5.7.RELEASE/e83f1407ff991e9e7eb156f49fa19d868bb73289/spring-boot-autoconfigure-1.5.7.RELEASE.jar:/home/ruru/.gradle/caches/modules-2/files-2.1/org.springframework.boot/spring-boot/1.5.7.RELEASE/1006870df7b3dc203df7ce84463c5dd7049fdaa4/spring-boot-1.5.7.RELEASE.jar:/home/ruru/.gradle/caches/modules-2/files-2.1/org.springframework.plugin/spring-plugin-core/1.2.0.RELEASE/f380e7760032e7d929184f8ad8a33716b75c0657/spring-plugin-core-1.2.0.RELEASE.jar:/home/ruru/.gradle/caches/modules-2/files-2.1/org.springframework/spring-context/4.3.11.RELEASE/3efec2d7c7469d49108a2b21c3f15831f7297569/spring-context-4.3.11.RELEASE.jar:/home/ruru/.gradle/caches/modules-2/files-2.1/org.springframework/spring-aop/4.3.11.RELEASE/461d0bb58f1de30203d9331adf4b51de9554de5a/spring-aop-4.3.11.RELEASE.jar:/home/ruru/.gradle/caches/modules-2/files-2.1/org.springframework/spring-tx/4.3.11.RELEASE/c931ee363d2269f03edfeb83d7d7fe23924ab8a1/spring-tx-4.3.11.RELEASE.jar:/home/ruru/.gradle/caches/modules-2/files-2.1/org.springframework.data/spring-data-commons/1.13.7.RELEASE/cf4538abda1f0a9cf2323d6e4204df0130aeec73/spring-data-commons-1.13.7.RELEASE.jar:/home/ruru/.gradle/caches/modules-2/files-2.1/org.springframework/spring-beans/4.3.11.RELEASE/591cc35fd39292adae13f01aa13e978d0bb11936/spring-beans-4.3.11.RELEASE.jar:/home/ruru/.gradle/caches/modules-2/files-2.1/org.springframework/spring-expression/4.3.11.RELEASE/fca662a2fccdad90ec22b2aaecb021047dcbe249/spring-expression-4.3.11.RELEASE.jar:/home/ruru/.gradle/caches/modules-2/files-2.1/org.springframework/spring-core/4.3.11.RELEASE/eb30ed093f628279d3aead068fd478fa343f1dad/spring-core-4.3.11.RELEASE.jar:/home/ruru/.gradle/caches/modules-2/files-2.1/org.springframework.boot/spring-boot-starter-logging/1.5.7.RELEASE/c84c4ea09d7f789a0d5e936a961471e5dbd9295e/spring-boot-starter-logging-1.5.7.RELEASE.jar:/home/ruru/.gradle/caches/modules-2/files-2.1/org.yaml/snakeyaml/1.17/7a27ea250c5130b2922b86dea63cbb1cc10a660c/snakeyaml-1.17.jar:/home/ruru/.gradle/caches/modules-2/files-2.1/com.fasterxml.jackson.core/jackson-core/2.8.10/eb21a035c66ad307e66ec8fce37f5d50fd62d039/jackson-core-2.8.10.jar:/home/ruru/.gradle/caches/modules-2/files-2.1/org.slf4j/jcl-over-slf4j/1.7.25/f8c32b13ff142a513eeb5b6330b1588dcb2c0461/jcl-over-slf4j-1.7.25.jar:/home/ruru/.gradle/caches/modules-2/files-2.1/ch.qos.logback/logback-classic/1.1.11/ccedfbacef4a6515d2983e3f89ed753d5d4fb665/logback-classic-1.1.11.jar:/home/ruru/.gradle/caches/modules-2/files-2.1/org.slf4j/jul-to-slf4j/1.7.25/af5364cd6679bfffb114f0dec8a157aaa283b76/jul-to-slf4j-1.7.25.jar:/home/ruru/.gradle/caches/modules-2/files-2.1/org.slf4j/log4j-over-slf4j/1.7.25/a87bb47468f47ee7aabbd54f93e133d4215769c3/log4j-over-slf4j-1.7.25.jar:/home/ruru/.gradle/caches/modules-2/files-2.1/org.slf4j/slf4j-api/1.7.25/da76ca59f6a57ee3102f8f9bd9cee742973efa8a/slf4j-api-1.7.25.jar:/home/ruru/.gradle/caches/modules-2/files-2.1/org.apache.tomcat.embed/tomcat-embed-websocket/8.5.20/4df9055507926a2651f691cc9964c50493a0ab29/tomcat-embed-websocket-8.5.20.jar:/home/ruru/.gradle/caches/modules-2/files-2.1/org.apache.tomcat.embed/tomcat-embed-core/8.5.20/b9026ee20f1f6a2b0fc3e51dd806d800901448b0/tomcat-embed-core-8.5.20.jar:/home/ruru/.gradle/caches/modules-2/files-2.1/org.apache.tomcat.embed/tomcat-embed-el/8.5.20/42960f481a8a80f4ffd3b865c2232820e3565bf1/tomcat-embed-el-8.5.20.jar:/home/ruru/.gradle/caches/modules-2/files-2.1/javax.validation/validation-api/1.1.0.Final/8613ae82954779d518631e05daa73a6a954817d5/validation-api-1.1.0.Final.jar:/home/ruru/.gradle/caches/modules-2/files-2.1/org.jboss.logging/jboss-logging/3.3.0.Final/3616bb87707910296e2c195dc016287080bba5af/jboss-logging-3.3.0.Final.jar:/home/ruru/.gradle/caches/modules-2/files-2.1/com.fasterxml/classmate/1.3.1/2ad2fd09dcf5607ca96f8ef432096a96986c40a/classmate-1.3.1.jar:/home/ruru/.gradle/caches/modules-2/files-2.1/net.minidev/json-smart/2.2.1/5b9e5df7a62d1279b70dc882b041d249c4f0b002/json-smart-2.2.1.jar:/home/ruru/.gradle/caches/modules-2/files-2.1/org.objenesis/objenesis/2.1/87c0ea803b69252868d09308b4618f766f135a96/objenesis-2.1.jar:/home/ruru/.gradle/caches/modules-2/files-2.1/com.vaadin.external.google/android-json/0.0.20131108.vaadin1/fa26d351fe62a6a17f5cda1287c1c6110dec413f/android-json-0.0.20131108.vaadin1.jar:/home/ruru/.gradle/caches/modules-2/files-2.1/commons-logging/commons-logging/1.2/4bfc12adfe4842bf07b657f0369c4cb522955686/commons-logging-1.2.jar:/home/ruru/.gradle/caches/modules-2/files-2.1/org.atteo/evo-inflector/1.2.2/2551aad98d65ac5464d81fe05f0e1516cfe471c9/evo-inflector-1.2.2.jar:/home/ruru/.gradle/caches/modules-2/files-2.1/net.minidev/accessors-smart/1.1/a527213f2fea112a04c9bdf0ec0264e34104cd08/accessors-smart-1.1.jar:/home/ruru/.gradle/caches/modules-2/files-2.1/ch.qos.logback/logback-core/1.1.11/88b8df40340eed549fb07e2613879bf6b006704d/logback-core-1.1.11.jar:/home/ruru/.gradle/caches/modules-2/files-2.1/org.ow2.asm/asm/5.0.3/dcc2193db20e19e1feca8b1240dbbc4e190824fa/asm-5.0.3.jar, user.name=ruru, java.vm.specification.version=1.8, sun.java.command=worker.org.gradle.process.internal.worker.GradleWorkerMain 'Gradle Test Executor 12', java.home=/usr/lib/jvm/java-8-oracle/jre, sun.arch.data.model=64, user.language=en, java.specification.vendor=Oracle Corporation, awt.toolkit=sun.awt.X11.XToolkit, java.vm.info=mixed mode, java.version=1.8.0_201, java.ext.dirs=/usr/lib/jvm/java-8-oracle/jre/lib/ext:/usr/java/packages/lib/ext, sun.boot.class.path=/usr/lib/jvm/java-8-oracle/jre/lib/resources.jar:/usr/lib/jvm/java-8-oracle/jre/lib/rt.jar:/usr/lib/jvm/java-8-oracle/jre/lib/sunrsasign.jar:/usr/lib/jvm/java-8-oracle/jre/lib/jsse.jar:/usr/lib/jvm/java-8-oracle/jre/lib/jce.jar:/usr/lib/jvm/java-8-oracle/jre/lib/charsets.jar:/usr/lib/jvm/java-8-oracle/jre/lib/jfr.jar:/usr/lib/jvm/java-8-oracle/jre/classes, java.vendor=Oracle Corporation, org.gradle.test.worker=12, file.separator=/, java.vendor.url.bug=http://bugreport.sun.com/bugreport/, sun.io.unicode.encoding=UnicodeLittle, sun.cpu.endian=little, sun.desktop=gnome, sun.cpu.isalist=}}, SystemEnvironmentPropertySource@626005952 {name='systemEnvironment', properties={PATH=/home/ruru/.sdkman/candidates/springboot/current/bin:/home/ruru/.sdkman/candidates/gradle/current/bin:/home/ruru/anaconda3/bin:/home/ruru/.zplug/bin:/home/ruru/.local/bin:/usr/local/sbin:/usr/local/bin:/usr/sbin:/usr/bin:/sbin:/bin:/usr/games:/usr/local/games:/snap/bin:/usr/lib/jvm/java-8-oracle/bin:/usr/lib/jvm/java-8-oracle/db/bin:/usr/lib/jvm/java-8-oracle/jre/bin:/home/ruru/Android/Sdk/bin/tools:/home/ruru/Android/Sdk/bin/tools/bin:/home/ruru/Android/Sdk/bin/platform-tools:/home/ruru/development/flutter/bin, SDKMAN_VERSION=5.7.3+337, ZPLUG_REPOS=/home/ruru/.zplug/repos, XMODIFIERS=@im=ibus, ZPLUG_PROTOCOL=HTTPS, GDMSESSION=ubuntu, CONDA_DEFAULT_ENV=base, TEXTDOMAINDIR=/usr/share/locale/, CONDA_PYTHON_EXE=/home/ruru/anaconda3/bin/python, DBUS_SESSION_BUS_ADDRESS=unix:path=/run/user/1000/bus,guid=54afa4d1a3088950cbffb22e5d62deaf, ZPLUG_LOG_LOAD_FAILURE=false, ANDROID_HOME=/home/ruru/Android/Sdk/bin, DEFAULTS_PATH=/usr/share/gconf/ubuntu.default.path, CONDA_PREFIX=/home/ruru/anaconda3, SSH_AGENT_PID=1873, _ZPLUG_PREZTO=sorin-ionescu/prezto, COLORTERM=truecolor, _ZPLUG_VERSION=2.4.2, ENHANCD_HYPHEN_ARG=-, SDKMAN_DIR=/home/ruru/.sdkman, SESSION_MANAGER=local/ruru101:@/tmp/.ICE-unix/1793,unix/ruru101:/tmp/.ICE-unix/1793, USERNAME=ruru, PWD=/home/ruru/bootcamp/Spring/NewApp, MANAGERPID=1763, DERBY_HOME=/usr/lib/jvm/java-8-oracle/db, LANGUAGE=en_IN:en, SDKMAN_CANDIDATES_API=https://api.sdkman.io/2, ZSH=/home/ruru/.zplug/repos/robbyrussell/oh-my-zsh, GNOME_DESKTOP_SESSION_ID=this-is-deprecated, GNOME_TERMINAL_SCREEN=/org/gnome/Terminal/screen/0b43470e_16b5_4c89_a0b1_831398e2eef3, GTK_MODULES=gail:atk-bridge, CLUTTER_IM_MODULE=xim, LC_ALL=en_US.UTF-8, TEXTDOMAIN=im-config, CONDA_PROMPT_MODIFIER=, ENHANCD_HOME_ARG=, DBUS_STARTER_ADDRESS=unix:path=/run/user/1000/bus,guid=54afa4d1a3088950cbffb22e5d62deaf, SHLVL=1, ZPLUG_THREADS=16, ZPLUG_USE_CACHE=true, CONDA_EXE=/home/ruru/anaconda3/bin/conda, JAVA_HOME=/usr/lib/jvm/java-8-oracle, TERM=xterm-256color, XDG_CONFIG_DIRS=/etc/xdg/xdg-ubuntu:/etc/xdg, XDG_SESSION_ID=2, GRADLE_HOME=/home/ruru/.sdkman/candidates/gradle/current, ZPLUG_CACHE_DIR=/home/ruru/.zplug/cache, ENHANCD_DISABLE_HOME=0, ZPLUG_FILTER=fzf-tmux:fzf:peco:percol:fzy:zaw, _=/home/ruru/.sdkman/candidates/gradle/current/bin/gradle, ENHANCD_DISABLE_DOT=0, ZPLUG_ERROR_LOG=/home/ruru/.zplug/.error_log, ZSH_CACHE_DIR=/home/ruru/.zplug/repos/robbyrussell/oh-my-zsh/cache/, DESKTOP_SESSION=ubuntu, XDG_MENU_PREFIX=gnome-, ENHANCD_DIR=/home/ruru/.enhancd, VTE_VERSION=5202, QT_ACCESSIBILITY=1, _ZPLUG_OHMYZSH=robbyrussell/oh-my-zsh, ZPLUG_LOG_LOAD_SUCCESS=false, ENHANCD_DOT_ARG=.., XAUTHORITY=/run/user/1000/gdm/Xauthority, INVOCATION_ID=3d919556daeb45b5ad99373fafc61cc6, XDG_DATA_DIRS=/usr/share/ubuntu:/usr/local/share:/usr/share:/var/lib/snapd/desktop, MANDATORY_PATH=/usr/share/gconf/ubuntu.mandatory.path, GTK_IM_MODULE=ibus, ENHANCD_FILTER=fzf:peco:percol, ENHANCD_ROOT=/home/ruru/.zplug/repos/b4b4r07/enhancd, XDG_CURRENT_DESKTOP=ubuntu:GNOME, JOURNAL_STREAM=9:33375, FPATH=/home/ruru/.zplug/repos/jocelynmallon/zshmarks:/home/ruru/.zplug/repos/robbyrussell/oh-my-zsh/plugins/pip:/home/ruru/.zplug/repos/robbyrussell/oh-my-zsh/plugins/extract:/home/ruru/.zplug/repos/robbyrussell/oh-my-zsh/plugins/gem:/home/ruru/.zplug/misc/completions:/home/ruru/.zplug/base/sources:/home/ruru/.zplug/autoload:/home/ruru/.zplug/base/utils:/home/ruru/.zplug/base/job:/home/ruru/.zplug/base/log:/home/ruru/.zplug/base/io:/home/ruru/.zplug/base/core:/home/ruru/.zplug/base/base:/home/ruru/.zplug/autoload/commands:/home/ruru/.zplug/autoload/options:/home/ruru/.zplug/autoload/tags:/usr/local/share/zsh/site-functions:/usr/share/zsh/vendor-functions:/usr/share/zsh/vendor-completions:/usr/share/zsh/functions/Calendar:/usr/share/zsh/functions/Chpwd:/usr/share/zsh/functions/Completion:/usr/share/zsh/functions/Completion/AIX:/usr/share/zsh/functions/Completion/BSD:/usr/share/zsh/functions/Completion/Base:/usr/share/zsh/functions/Completion/Cygwin:/usr/share/zsh/functions/Completion/Darwin:/usr/share/zsh/functions/Completion/Debian:/usr/share/zsh/functions/Completion/Linux:/usr/share/zsh/functions/Completion/Mandriva:/usr/share/zsh/functions/Completion/Redhat:/usr/share/zsh/functions/Completion/Solaris:/usr/share/zsh/functions/Completion/Unix:/usr/share/zsh/functions/Completion/X:/usr/share/zsh/functions/Completion/Zsh:/usr/share/zsh/functions/Completion/openSUSE:/usr/share/zsh/functions/Exceptions:/usr/share/zsh/functions/MIME:/usr/share/zsh/functions/Math:/usr/share/zsh/functions/Misc:/usr/share/zsh/functions/Newuser:/usr/share/zsh/functions/Prompts:/usr/share/zsh/functions/TCP:/usr/share/zsh/functions/VCS_Info:/usr/share/zsh/functions/VCS_Info/Backends:/usr/share/zsh/functions/Zftp:/usr/share/zsh/functions/Zle:/home/ruru/.zplug/repos/zsh-users/zsh-completions/src, QT4_IM_MODULE=xim, LOGNAME=ruru, IM_CONFIG_PHASE=2, SPRINGBOOT_HOME=/home/ruru/.sdkman/candidates/springboot/current, SHELL=/bin/zsh, J2SDKDIR=/usr/lib/jvm/java-8-oracle, OLDPWD=/home/ruru/.sdkman/candidates/gradle/current, _ZPLUG_CONFIG_SUBSHELL=:, J2REDIR=/usr/lib/jvm/java-8-oracle/jre, PERIOD=30, ENHANCD_COMMAND=c, LESS=--tabs=4 --no-init --LONG-PROMPT --ignore-case --quit-if-one-screen --RAW-CONTROL-CHARS, LS_COLORS=no=00;38;5;244:rs=0:di=00;38;5;33:ln=00;38;5;37:mh=00:pi=48;5;230;38;5;136;01:so=48;5;230;38;5;136;01:do=48;5;230;38;5;136;01:bd=48;5;230;38;5;244;01:cd=48;5;230;38;5;244;01:or=48;5;235;38;5;160:su=48;5;160;38;5;230:sg=48;5;136;38;5;230:ca=30;41:tw=48;5;64;38;5;230:ow=48;5;235;38;5;33:st=48;5;33;38;5;230:ex=00;38;5;64:*.tar=00;38;5;61:*.tgz=00;38;5;61:*.arj=00;38;5;61:*.taz=00;38;5;61:*.lzh=00;38;5;61:*.lzma=00;38;5;61:*.tlz=00;38;5;61:*.txz=00;38;5;61:*.zip=00;38;5;61:*.z=00;38;5;61:*.Z=00;38;5;61:*.dz=00;38;5;61:*.gz=00;38;5;61:*.lz=00;38;5;61:*.xz=00;38;5;61:*.bz2=00;38;5;61:*.bz=00;38;5;61:*.tbz=00;38;5;61:*.tbz2=00;38;5;61:*.tz=00;38;5;61:*.deb=00;38;5;61:*.rpm=00;38;5;61:*.jar=00;38;5;61:*.rar=00;38;5;61:*.ace=00;38;5;61:*.zoo=00;38;5;61:*.cpio=00;38;5;61:*.7z=00;38;5;61:*.rz=00;38;5;61:*.apk=00;38;5;61:*.gem=00;38;5;61:*.jpg=00;38;5;136:*.JPG=00;38;5;136:*.jpeg=00;38;5;136:*.gif=00;38;5;136:*.bmp=00;38;5;136:*.pbm=00;38;5;136:*.pgm=00;38;5;136:*.ppm=00;38;5;136:*.tga=00;38;5;136:*.xbm=00;38;5;136:*.xpm=00;38;5;136:*.tif=00;38;5;136:*.tiff=00;38;5;136:*.png=00;38;5;136:*.PNG=00;38;5;136:*.svg=00;38;5;136:*.svgz=00;38;5;136:*.mng=00;38;5;136:*.pcx=00;38;5;136:*.dl=00;38;5;136:*.xcf=00;38;5;136:*.xwd=00;38;5;136:*.yuv=00;38;5;136:*.cgm=00;38;5;136:*.emf=00;38;5;136:*.eps=00;38;5;136:*.CR2=00;38;5;136:*.ico=00;38;5;136:*.tex=00;38;5;245:*.rdf=00;38;5;245:*.owl=00;38;5;245:*.n3=00;38;5;245:*.ttl=00;38;5;245:*.nt=00;38;5;245:*.torrent=00;38;5;245:*.xml=00;38;5;245:*Makefile=00;38;5;245:*Rakefile=00;38;5;245:*Dockerfile=00;38;5;245:*build.xml=00;38;5;245:*rc=00;38;5;245:*1=00;38;5;245:*.nfo=00;38;5;245:*README=00;38;5;245:*README.txt=00;38;5;245:*readme.txt=00;38;5;245:*.md=00;38;5;245:*README.markdown=00;38;5;245:*.ini=00;38;5;245:*.yml=00;38;5;245:*.cfg=00;38;5;245:*.conf=00;38;5;245:*.h=00;38;5;245:*.hpp=00;38;5;245:*.c=00;38;5;245:*.cpp=00;38;5;245:*.cxx=00;38;5;245:*.cc=00;38;5;245:*.objc=00;38;5;245:*.sqlite=00;38;5;245:*.go=00;38;5;245:*.sql=00;38;5;245:*.csv=00;38;5;245:*.log=00;38;5;240:*.bak=00;38;5;240:*.aux=00;38;5;240:*.lof=00;38;5;240:*.lol=00;38;5;240:*.lot=00;38;5;240:*.out=00;38;5;240:*.toc=00;38;5;240:*.bbl=00;38;5;240:*.blg=00;38;5;240:*~=00;38;5;240:*#=00;38;5;240:*.part=00;38;5;240:*.incomplete=00;38;5;240:*.swp=00;38;5;240:*.tmp=00;38;5;240:*.temp=00;38;5;240:*.o=00;38;5;240:*.pyc=00;38;5;240:*.class=00;38;5;240:*.cache=00;38;5;240:*.aac=00;38;5;166:*.au=00;38;5;166:*.flac=00;38;5;166:*.mid=00;38;5;166:*.midi=00;38;5;166:*.mka=00;38;5;166:*.mp3=00;38;5;166:*.mpc=00;38;5;166:*.ogg=00;38;5;166:*.opus=00;38;5;166:*.ra=00;38;5;166:*.wav=00;38;5;166:*.m4a=00;38;5;166:*.axa=00;38;5;166:*.oga=00;38;5;166:*.spx=00;38;5;166:*.xspf=00;38;5;166:*.mov=00;38;5;166:*.MOV=00;38;5;166:*.mpg=00;38;5;166:*.mpeg=00;38;5;166:*.m2v=00;38;5;166:*.mkv=00;38;5;166:*.ogm=00;38;5;166:*.mp4=00;38;5;166:*.m4v=00;38;5;166:*.mp4v=00;38;5;166:*.vob=00;38;5;166:*.qt=00;38;5;166:*.nuv=00;38;5;166:*.wmv=00;38;5;166:*.asf=00;38;5;166:*.rm=00;38;5;166:*.rmvb=00;38;5;166:*.flc=00;38;5;166:*.avi=00;38;5;166:*.fli=00;38;5;166:*.flv=00;38;5;166:*.gl=00;38;5;166:*.m2ts=00;38;5;166:*.divx=00;38;5;166:*.webm=00;38;5;166:*.axv=00;38;5;166:*.anx=00;38;5;166:*.ogv=00;38;5;166:*.ogx=00;38;5;166:, XDG_SESSION_DESKTOP=ubuntu, ENHANCD_USE_FUZZY_MATCH=1, _ZPLUG_AWKPATH=/home/ruru/.zplug/misc/contrib, ENHANCD_DISABLE_HYPHEN=0, FZF_DEFAULT_OPTS=--height 40% --reverse --border --inline-info --color=dark,bg+:235,hl+:10,pointer:5, QT_IM_MODULE=ibus, GNOME_TERMINAL_SERVICE=:1.199, LANG=en_US.UTF-8, XDG_SESSION_TYPE=x11, ZPLUG_ROOT=/home/ruru/.zplug, _ZPLUG_URL=https://github.com/zplug/zplug, DISPLAY=:0, ZPLUG_HOME=/home/ruru/.zplug, ZPLUG_LOADFILE=/home/ruru/.zplug/packages.zsh, CONDA_SHLVL=1, SDKMAN_CANDIDATES_DIR=/home/ruru/.sdkman/candidates, BOOKMARKS_FILE=/home/ruru/.bookmarks, CATALINA_HOME=/usr/local/tomcat8, GPG_AGENT_INFO=/run/user/1000/gnupg/S.gpg-agent:0:1, GPG_TTY=/dev/pts/2, SDKMAN_PLATFORM=Linux64, USER=ruru, WINDOWPATH=2, SSH_AUTH_SOCK=/run/user/1000/keyring/ssh, XDG_SEAT=seat0, ZPLUG_BIN=/home/ruru/.zplug/bin, ENHANCD_DOT_SHOW_FULLPATH=1, GNOME_SHELL_SESSION_MODE=ubuntu, XDG_VTNR=2, XDG_RUNTIME_DIR=/run/user/1000, DBUS_STARTER_BUS_TYPE=session, HOME=/home/ruru}}]
19:08:51.218 [Test worker] DEBUG org.springframework.core.env.MutablePropertySources - Adding PropertySource 'inline' with highest search precedence
19:08:51.221 [Test worker] DEBUG org.springframework.test.context.support.TestPropertySourceUtils - Adding inlined properties to environment: {spring.jmx.enabled=false, org.springframework.boot.test.context.SpringBootTestContextBootstrapper=true, server.port=-1}
19:08:51.221 [Test worker] DEBUG org.springframework.core.env.StandardEnvironment - Adding PropertySource 'Inlined Test Properties' with highest search precedence

  .   ____          _            __ _ _
 /\\ / ___'_ __ _ _(_)_ __  __ _ \ \ \ \
( ( )\___ | '_ | '_| | '_ \/ _` | \ \ \ \
 \\/  ___)| |_)| | | | | || (_| |  ) ) ) )
  '  |____| .__|_| |_|_| |_\__, | / / / /
 =========|_|==============|___/=/_/_/_/
 :: Spring Boot ::        (v1.5.7.RELEASE)

2019-08-30 19:08:51.366  INFO 6199 --- [    Test worker] c.example.NewApp.NewAppApplicationTests  : Starting NewAppApplicationTests on ruru101 with PID 6199 (started by ruru in /home/ruru/bootcamp/Spring/NewApp)
2019-08-30 19:08:51.367  INFO 6199 --- [    Test worker] c.example.NewApp.NewAppApplicationTests  : No active profile set, falling back to default profiles: default
2019-08-30 19:08:51.386  INFO 6199 --- [    Test worker] o.s.w.c.s.GenericWebApplicationContext   : Refreshing org.springframework.web.context.support.GenericWebApplicationContext@20641673: startup date [Fri Aug 30 19:08:51 IST 2019]; root of context hierarchy
2019-08-30 19:08:52.206  INFO 6199 --- [    Test worker] o.s.b.f.s.DefaultListableBeanFactory     : Overriding bean definition for bean 'httpRequestHandlerAdapter' with a different definition: replacing [Root bean: class [null]; scope=; abstract=false; lazyInit=false; autowireMode=3; dependencyCheck=0; autowireCandidate=true; primary=false; factoryBeanName=org.springframework.boot.autoconfigure.web.WebMvcAutoConfiguration$EnableWebMvcConfiguration; factoryMethodName=httpRequestHandlerAdapter; initMethodName=null; destroyMethodName=(inferred); defined in class path resource [org/springframework/boot/autoconfigure/web/WebMvcAutoConfiguration$EnableWebMvcConfiguration.class]] with [Root bean: class [null]; scope=; abstract=false; lazyInit=false; autowireMode=3; dependencyCheck=0; autowireCandidate=true; primary=false; factoryBeanName=org.springframework.data.rest.webmvc.config.RepositoryRestMvcConfiguration; factoryMethodName=httpRequestHandlerAdapter; initMethodName=null; destroyMethodName=(inferred); defined in class path resource [org/springframework/data/rest/webmvc/config/RepositoryRestMvcConfiguration.class]]
2019-08-30 19:08:53.459  INFO 6199 --- [    Test worker] s.w.s.m.m.a.RequestMappingHandlerAdapter : Looking for @ControllerAdvice: org.springframework.web.context.support.GenericWebApplicationContext@20641673: startup date [Fri Aug 30 19:08:51 IST 2019]; root of context hierarchy
2019-08-30 19:08:53.525  INFO 6199 --- [    Test worker] s.w.s.m.m.a.RequestMappingHandlerMapping : Mapped "{[/addusers],methods=[POST]}" onto public java.lang.String com.example.NewApp.TestController.registerUser(com.example.NewApp.User)
2019-08-30 19:08:53.526  INFO 6199 --- [    Test worker] s.w.s.m.m.a.RequestMappingHandlerMapping : Mapped "{[/users]}" onto public java.lang.String com.example.NewApp.TestController.getUser()
2019-08-30 19:08:53.526  INFO 6199 --- [    Test worker] s.w.s.m.m.a.RequestMappingHandlerMapping : Mapped "{[/]}" onto public java.lang.String com.example.NewApp.TestController.helloWorld()
2019-08-30 19:08:53.527  INFO 6199 --- [    Test worker] s.w.s.m.m.a.RequestMappingHandlerMapping : Mapped "{[/addusers]}" onto public java.lang.String com.example.NewApp.TestController.getData(java.lang.String,java.lang.String)
2019-08-30 19:08:53.529  INFO 6199 --- [    Test worker] s.w.s.m.m.a.RequestMappingHandlerMapping : Mapped "{[/error],produces=[text/html]}" onto public org.springframework.web.servlet.ModelAndView org.springframework.boot.autoconfigure.web.BasicErrorController.errorHtml(javax.servlet.http.HttpServletRequest,javax.servlet.http.HttpServletResponse)
2019-08-30 19:08:53.529  INFO 6199 --- [    Test worker] s.w.s.m.m.a.RequestMappingHandlerMapping : Mapped "{[/error]}" onto public org.springframework.http.ResponseEntity<java.util.Map<java.lang.String, java.lang.Object>> org.springframework.boot.autoconfigure.web.BasicErrorController.error(javax.servlet.http.HttpServletRequest)
2019-08-30 19:08:53.557  INFO 6199 --- [    Test worker] o.s.w.s.handler.SimpleUrlHandlerMapping  : Mapped URL path [/webjars/**] onto handler of type [class org.springframework.web.servlet.resource.ResourceHttpRequestHandler]
2019-08-30 19:08:53.557  INFO 6199 --- [    Test worker] o.s.w.s.handler.SimpleUrlHandlerMapping  : Mapped URL path [/**] onto handler of type [class org.springframework.web.servlet.resource.ResourceHttpRequestHandler]
2019-08-30 19:08:53.575  INFO 6199 --- [    Test worker] .m.m.a.ExceptionHandlerExceptionResolver : Detected @ExceptionHandler methods in repositoryRestExceptionHandler
2019-08-30 19:08:53.628  INFO 6199 --- [    Test worker] o.s.w.s.handler.SimpleUrlHandlerMapping  : Mapped URL path [/**/favicon.ico] onto handler of type [class org.springframework.web.servlet.resource.ResourceHttpRequestHandler]
2019-08-30 19:08:53.702  INFO 6199 --- [    Test worker] o.s.d.r.w.RepositoryRestHandlerAdapter   : Looking for @ControllerAdvice: org.springframework.web.context.support.GenericWebApplicationContext@20641673: startup date [Fri Aug 30 19:08:51 IST 2019]; root of context hierarchy
2019-08-30 19:08:53.716  INFO 6199 --- [    Test worker] o.s.d.r.w.RepositoryRestHandlerMapping   : Mapped "{[/{repository}],methods=[HEAD],produces=[application/hal+json || application/json]}" onto public org.springframework.http.ResponseEntity<?> org.springframework.data.rest.webmvc.RepositoryEntityController.headCollectionResource(org.springframework.data.rest.webmvc.RootResourceInformation,org.springframework.data.rest.webmvc.support.DefaultedPageable) throws org.springframework.web.HttpRequestMethodNotSupportedException
2019-08-30 19:08:53.717  INFO 6199 --- [    Test worker] o.s.d.r.w.RepositoryRestHandlerMapping   : Mapped "{[/{repository}],methods=[GET],produces=[application/hal+json || application/json]}" onto public org.springframework.hateoas.Resources<?> org.springframework.data.rest.webmvc.RepositoryEntityController.getCollectionResource(org.springframework.data.rest.webmvc.RootResourceInformation,org.springframework.data.rest.webmvc.support.DefaultedPageable,org.springframework.data.domain.Sort,org.springframework.data.rest.webmvc.PersistentEntityResourceAssembler) throws org.springframework.data.rest.webmvc.ResourceNotFoundException,org.springframework.web.HttpRequestMethodNotSupportedException
2019-08-30 19:08:53.717  INFO 6199 --- [    Test worker] o.s.d.r.w.RepositoryRestHandlerMapping   : Mapped "{[/{repository}],methods=[GET],produces=[application/x-spring-data-compact+json || text/uri-list]}" onto public org.springframework.hateoas.Resources<?> org.springframework.data.rest.webmvc.RepositoryEntityController.getCollectionResourceCompact(org.springframework.data.rest.webmvc.RootResourceInformation,org.springframework.data.rest.webmvc.support.DefaultedPageable,org.springframework.data.domain.Sort,org.springframework.data.rest.webmvc.PersistentEntityResourceAssembler) throws org.springframework.data.rest.webmvc.ResourceNotFoundException,org.springframework.web.HttpRequestMethodNotSupportedException
2019-08-30 19:08:53.718  INFO 6199 --- [    Test worker] o.s.d.r.w.RepositoryRestHandlerMapping   : Mapped "{[/{repository}],methods=[OPTIONS],produces=[application/hal+json || application/json]}" onto public org.springframework.http.ResponseEntity<?> org.springframework.data.rest.webmvc.RepositoryEntityController.optionsForCollectionResource(org.springframework.data.rest.webmvc.RootResourceInformation)
2019-08-30 19:08:53.718  INFO 6199 --- [    Test worker] o.s.d.r.w.RepositoryRestHandlerMapping   : Mapped "{[/{repository}],methods=[POST],produces=[application/hal+json || application/json]}" onto public org.springframework.http.ResponseEntity<org.springframework.hateoas.ResourceSupport> org.springframework.data.rest.webmvc.RepositoryEntityController.postCollectionResource(org.springframework.data.rest.webmvc.RootResourceInformation,org.springframework.data.rest.webmvc.PersistentEntityResource,org.springframework.data.rest.webmvc.PersistentEntityResourceAssembler,java.lang.String) throws org.springframework.web.HttpRequestMethodNotSupportedException
2019-08-30 19:08:53.719  INFO 6199 --- [    Test worker] o.s.d.r.w.RepositoryRestHandlerMapping   : Mapped "{[/{repository}/{id}],methods=[OPTIONS],produces=[application/hal+json || application/json]}" onto public org.springframework.http.ResponseEntity<?> org.springframework.data.rest.webmvc.RepositoryEntityController.optionsForItemResource(org.springframework.data.rest.webmvc.RootResourceInformation)
2019-08-30 19:08:53.719  INFO 6199 --- [    Test worker] o.s.d.r.w.RepositoryRestHandlerMapping   : Mapped "{[/{repository}/{id}],methods=[HEAD],produces=[application/hal+json || application/json]}" onto public org.springframework.http.ResponseEntity<?> org.springframework.data.rest.webmvc.RepositoryEntityController.headForItemResource(org.springframework.data.rest.webmvc.RootResourceInformation,java.io.Serializable,org.springframework.data.rest.webmvc.PersistentEntityResourceAssembler) throws org.springframework.web.HttpRequestMethodNotSupportedException
2019-08-30 19:08:53.720  INFO 6199 --- [    Test worker] o.s.d.r.w.RepositoryRestHandlerMapping   : Mapped "{[/{repository}/{id}],methods=[GET],produces=[application/hal+json || application/json]}" onto public org.springframework.http.ResponseEntity<org.springframework.hateoas.Resource<?>> org.springframework.data.rest.webmvc.RepositoryEntityController.getItemResource(org.springframework.data.rest.webmvc.RootResourceInformation,java.io.Serializable,org.springframework.data.rest.webmvc.PersistentEntityResourceAssembler,org.springframework.http.HttpHeaders) throws org.springframework.web.HttpRequestMethodNotSupportedException
2019-08-30 19:08:53.720  INFO 6199 --- [    Test worker] o.s.d.r.w.RepositoryRestHandlerMapping   : Mapped "{[/{repository}/{id}],methods=[PUT],produces=[application/hal+json || application/json]}" onto public org.springframework.http.ResponseEntity<? extends org.springframework.hateoas.ResourceSupport> org.springframework.data.rest.webmvc.RepositoryEntityController.putItemResource(org.springframework.data.rest.webmvc.RootResourceInformation,org.springframework.data.rest.webmvc.PersistentEntityResource,java.io.Serializable,org.springframework.data.rest.webmvc.PersistentEntityResourceAssembler,org.springframework.data.rest.webmvc.support.ETag,java.lang.String) throws org.springframework.web.HttpRequestMethodNotSupportedException
2019-08-30 19:08:53.721  INFO 6199 --- [    Test worker] o.s.d.r.w.RepositoryRestHandlerMapping   : Mapped "{[/{repository}/{id}],methods=[PATCH],produces=[application/hal+json || application/json]}" onto public org.springframework.http.ResponseEntity<org.springframework.hateoas.ResourceSupport> org.springframework.data.rest.webmvc.RepositoryEntityController.patchItemResource(org.springframework.data.rest.webmvc.RootResourceInformation,org.springframework.data.rest.webmvc.PersistentEntityResource,java.io.Serializable,org.springframework.data.rest.webmvc.PersistentEntityResourceAssembler,org.springframework.data.rest.webmvc.support.ETag,java.lang.String) throws org.springframework.web.HttpRequestMethodNotSupportedException,org.springframework.data.rest.webmvc.ResourceNotFoundException
2019-08-30 19:08:53.722  INFO 6199 --- [    Test worker] o.s.d.r.w.RepositoryRestHandlerMapping   : Mapped "{[/{repository}/{id}],methods=[DELETE],produces=[application/hal+json || application/json]}" onto public org.springframework.http.ResponseEntity<?> org.springframework.data.rest.webmvc.RepositoryEntityController.deleteItemResource(org.springframework.data.rest.webmvc.RootResourceInformation,java.io.Serializable,org.springframework.data.rest.webmvc.support.ETag) throws org.springframework.data.rest.webmvc.ResourceNotFoundException,org.springframework.web.HttpRequestMethodNotSupportedException
2019-08-30 19:08:53.723  INFO 6199 --- [    Test worker] o.s.d.r.w.RepositoryRestHandlerMapping   : Mapped "{[/ || ],methods=[GET],produces=[application/hal+json || application/json]}" onto public org.springframework.http.HttpEntity<org.springframework.data.rest.webmvc.RepositoryLinksResource> org.springframework.data.rest.webmvc.RepositoryController.listRepositories()
2019-08-30 19:08:53.723  INFO 6199 --- [    Test worker] o.s.d.r.w.RepositoryRestHandlerMapping   : Mapped "{[/ || ],methods=[OPTIONS],produces=[application/hal+json || application/json]}" onto public org.springframework.http.HttpEntity<?> org.springframework.data.rest.webmvc.RepositoryController.optionsForRepositories()
2019-08-30 19:08:53.724  INFO 6199 --- [    Test worker] o.s.d.r.w.RepositoryRestHandlerMapping   : Mapped "{[/ || ],methods=[HEAD],produces=[application/hal+json || application/json]}" onto public org.springframework.http.ResponseEntity<?> org.springframework.data.rest.webmvc.RepositoryController.headForRepositories()
2019-08-30 19:08:53.726  INFO 6199 --- [    Test worker] o.s.d.r.w.RepositoryRestHandlerMapping   : Mapped "{[/{repository}/{id}/{property}],methods=[GET],produces=[application/x-spring-data-compact+json || text/uri-list]}" onto public org.springframework.http.ResponseEntity<org.springframework.hateoas.ResourceSupport> org.springframework.data.rest.webmvc.RepositoryPropertyReferenceController.followPropertyReferenceCompact(org.springframework.data.rest.webmvc.RootResourceInformation,java.io.Serializable,java.lang.String,org.springframework.data.rest.webmvc.PersistentEntityResourceAssembler) throws java.lang.Exception
2019-08-30 19:08:53.727  INFO 6199 --- [    Test worker] o.s.d.r.w.RepositoryRestHandlerMapping   : Mapped "{[/{repository}/{id}/{property}],methods=[PATCH || PUT || POST],consumes=[application/json || application/x-spring-data-compact+json || text/uri-list],produces=[application/hal+json || application/json]}" onto public org.springframework.http.ResponseEntity<? extends org.springframework.hateoas.ResourceSupport> org.springframework.data.rest.webmvc.RepositoryPropertyReferenceController.createPropertyReference(org.springframework.data.rest.webmvc.RootResourceInformation,org.springframework.http.HttpMethod,org.springframework.hateoas.Resources<java.lang.Object>,java.io.Serializable,java.lang.String) throws java.lang.Exception
2019-08-30 19:08:53.727  INFO 6199 --- [    Test worker] o.s.d.r.w.RepositoryRestHandlerMapping   : Mapped "{[/{repository}/{id}/{property}/{propertyId}],methods=[DELETE],produces=[application/hal+json || application/json]}" onto public org.springframework.http.ResponseEntity<org.springframework.hateoas.ResourceSupport> org.springframework.data.rest.webmvc.RepositoryPropertyReferenceController.deletePropertyReferenceId(org.springframework.data.rest.webmvc.RootResourceInformation,java.io.Serializable,java.lang.String,java.lang.String) throws java.lang.Exception
2019-08-30 19:08:53.728  INFO 6199 --- [    Test worker] o.s.d.r.w.RepositoryRestHandlerMapping   : Mapped "{[/{repository}/{id}/{property}/{propertyId}],methods=[GET],produces=[application/hal+json || application/json]}" onto public org.springframework.http.ResponseEntity<org.springframework.hateoas.ResourceSupport> org.springframework.data.rest.webmvc.RepositoryPropertyReferenceController.followPropertyReference(org.springframework.data.rest.webmvc.RootResourceInformation,java.io.Serializable,java.lang.String,java.lang.String,org.springframework.data.rest.webmvc.PersistentEntityResourceAssembler) throws java.lang.Exception
2019-08-30 19:08:53.728  INFO 6199 --- [    Test worker] o.s.d.r.w.RepositoryRestHandlerMapping   : Mapped "{[/{repository}/{id}/{property}],methods=[GET],produces=[application/hal+json || application/json]}" onto public org.springframework.http.ResponseEntity<org.springframework.hateoas.ResourceSupport> org.springframework.data.rest.webmvc.RepositoryPropertyReferenceController.followPropertyReference(org.springframework.data.rest.webmvc.RootResourceInformation,java.io.Serializable,java.lang.String,org.springframework.data.rest.webmvc.PersistentEntityResourceAssembler) throws java.lang.Exception
2019-08-30 19:08:53.729  INFO 6199 --- [    Test worker] o.s.d.r.w.RepositoryRestHandlerMapping   : Mapped "{[/{repository}/{id}/{property}],methods=[DELETE],produces=[application/hal+json || application/json]}" onto public org.springframework.http.ResponseEntity<? extends org.springframework.hateoas.ResourceSupport> org.springframework.data.rest.webmvc.RepositoryPropertyReferenceController.deletePropertyReference(org.springframework.data.rest.webmvc.RootResourceInformation,java.io.Serializable,java.lang.String) throws java.lang.Exception
2019-08-30 19:08:53.731  INFO 6199 --- [    Test worker] o.s.d.r.w.RepositoryRestHandlerMapping   : Mapped "{[/{repository}/search/{search}],methods=[GET],produces=[application/hal+json || application/json]}" onto public org.springframework.http.ResponseEntity<?> org.springframework.data.rest.webmvc.RepositorySearchController.executeSearch(org.springframework.data.rest.webmvc.RootResourceInformation,org.springframework.util.MultiValueMap<java.lang.String, java.lang.Object>,java.lang.String,org.springframework.data.rest.webmvc.support.DefaultedPageable,org.springframework.data.domain.Sort,org.springframework.data.rest.webmvc.PersistentEntityResourceAssembler,org.springframework.http.HttpHeaders)
2019-08-30 19:08:53.731  INFO 6199 --- [    Test worker] o.s.d.r.w.RepositoryRestHandlerMapping   : Mapped "{[/{repository}/search],methods=[HEAD],produces=[application/hal+json || application/json]}" onto public org.springframework.http.HttpEntity<?> org.springframework.data.rest.webmvc.RepositorySearchController.headForSearches(org.springframework.data.rest.webmvc.RootResourceInformation)
2019-08-30 19:08:53.732  INFO 6199 --- [    Test worker] o.s.d.r.w.RepositoryRestHandlerMapping   : Mapped "{[/{repository}/search/{search}],methods=[HEAD],produces=[application/hal+json || application/json]}" onto public org.springframework.http.ResponseEntity<java.lang.Object> org.springframework.data.rest.webmvc.RepositorySearchController.headForSearch(org.springframework.data.rest.webmvc.RootResourceInformation,java.lang.String)
2019-08-30 19:08:53.732  INFO 6199 --- [    Test worker] o.s.d.r.w.RepositoryRestHandlerMapping   : Mapped "{[/{repository}/search],methods=[GET],produces=[application/hal+json || application/json]}" onto public org.springframework.data.rest.webmvc.RepositorySearchesResource org.springframework.data.rest.webmvc.RepositorySearchController.listSearches(org.springframework.data.rest.webmvc.RootResourceInformation)
2019-08-30 19:08:53.733  INFO 6199 --- [    Test worker] o.s.d.r.w.RepositoryRestHandlerMapping   : Mapped "{[/{repository}/search/{search}],methods=[OPTIONS],produces=[application/hal+json || application/json]}" onto public org.springframework.http.ResponseEntity<java.lang.Object> org.springframework.data.rest.webmvc.RepositorySearchController.optionsForSearch(org.springframework.data.rest.webmvc.RootResourceInformation,java.lang.String)
2019-08-30 19:08:53.733  INFO 6199 --- [    Test worker] o.s.d.r.w.RepositoryRestHandlerMapping   : Mapped "{[/{repository}/search],methods=[OPTIONS],produces=[application/hal+json || application/json]}" onto public org.springframework.http.HttpEntity<?> org.springframework.data.rest.webmvc.RepositorySearchController.optionsForSearches(org.springframework.data.rest.webmvc.RootResourceInformation)
2019-08-30 19:08:53.734  INFO 6199 --- [    Test worker] o.s.d.r.w.RepositoryRestHandlerMapping   : Mapped "{[/{repository}/search/{search}],methods=[GET],produces=[application/x-spring-data-compact+json]}" onto public org.springframework.hateoas.ResourceSupport org.springframework.data.rest.webmvc.RepositorySearchController.executeSearchCompact(org.springframework.data.rest.webmvc.RootResourceInformation,org.springframework.http.HttpHeaders,org.springframework.util.MultiValueMap<java.lang.String, java.lang.Object>,java.lang.String,java.lang.String,org.springframework.data.rest.webmvc.support.DefaultedPageable,org.springframework.data.domain.Sort,org.springframework.data.rest.webmvc.PersistentEntityResourceAssembler)
2019-08-30 19:08:53.737  INFO 6199 --- [    Test worker] o.s.d.r.w.BasePathAwareHandlerMapping    : Mapped "{[/profile/{repository}],methods=[OPTIONS],produces=[application/alps+json]}" onto org.springframework.http.HttpEntity<?> org.springframework.data.rest.webmvc.alps.AlpsController.alpsOptions()
2019-08-30 19:08:53.737  INFO 6199 --- [    Test worker] o.s.d.r.w.BasePathAwareHandlerMapping    : Mapped "{[/profile/{repository}],methods=[GET],produces=[application/alps+json || */*]}" onto org.springframework.http.HttpEntity<org.springframework.data.rest.webmvc.RootResourceInformation> org.springframework.data.rest.webmvc.alps.AlpsController.descriptor(org.springframework.data.rest.webmvc.RootResourceInformation)
2019-08-30 19:08:53.737  INFO 6199 --- [    Test worker] o.s.d.r.w.BasePathAwareHandlerMapping    : Mapped "{[/profile],methods=[GET]}" onto org.springframework.http.HttpEntity<org.springframework.hateoas.ResourceSupport> org.springframework.data.rest.webmvc.ProfileController.listAllFormsOfMetadata()
2019-08-30 19:08:53.738  INFO 6199 --- [    Test worker] o.s.d.r.w.BasePathAwareHandlerMapping    : Mapped "{[/profile],methods=[OPTIONS]}" onto public org.springframework.http.HttpEntity<?> org.springframework.data.rest.webmvc.ProfileController.profileOptions()
2019-08-30 19:08:53.738  INFO 6199 --- [    Test worker] o.s.d.r.w.BasePathAwareHandlerMapping    : Mapped "{[/profile/{repository}],methods=[GET],produces=[application/schema+json]}" onto public org.springframework.http.HttpEntity<org.springframework.data.rest.webmvc.json.JsonSchema> org.springframework.data.rest.webmvc.RepositorySchemaController.schema(org.springframework.data.rest.webmvc.RootResourceInformation)
2019-08-30 19:08:53.861  INFO 6199 --- [    Test worker] c.example.NewApp.NewAppApplicationTests  : Started NewAppApplicationTests in 2.635 seconds (JVM running for 3.185)
]]></system-out>
  <system-err><![CDATA[]]></system-err>
</testsuite>
